<?xml version="1.0" encoding="UTF-8"?>
<testsuite xmlns:xsi="http://www.w3.org/2001/XMLSchema-instance" xsi:noNamespaceSchemaLocation="https://maven.apache.org/surefire/maven-surefire-plugin/xsd/surefire-test-report-3.0.xsd" version="3.0" name="com.aws.trigger.lambdatrigger.AppTest" time="0.075" tests="1" errors="0" skipped="0" failures="0">
  <properties>
    <property name="sun.desktop" value="gnome"/>
    <property name="awt.toolkit" value="sun.awt.X11.XToolkit"/>
    <property name="file.encoding.pkg" value="sun.io"/>
    <property name="java.specification.version" value="1.8"/>
    <property name="sun.cpu.isalist" value=""/>
    <property name="sun.jnu.encoding" value="UTF-8"/>
    <property name="java.class.path" value="/home/dipesh/eclipse-workspace/lambdatrigger/target/test-classes:/home/dipesh/eclipse-workspace/lambdatrigger/target/classes:/home/dipesh/.m2/repository/junit/junit/4.11/junit-4.11.jar:/home/dipesh/.m2/repository/org/hamcrest/hamcrest-core/1.3/hamcrest-core-1.3.jar:/home/dipesh/.m2/repository/com/amazonaws/aws-lambda-java-events/3.11.0/aws-lambda-java-events-3.11.0.jar:/home/dipesh/.m2/repository/joda-time/joda-time/2.6/joda-time-2.6.jar:/home/dipesh/.m2/repository/com/amazonaws/aws-lambda-java-core/1.2.1/aws-lambda-java-core-1.2.1.jar:/home/dipesh/.m2/repository/com/amazonaws/aws-java-sdk-s3/1.12.153/aws-java-sdk-s3-1.12.153.jar:/home/dipesh/.m2/repository/com/amazonaws/aws-java-sdk-kms/1.12.153/aws-java-sdk-kms-1.12.153.jar:/home/dipesh/.m2/repository/com/amazonaws/aws-java-sdk-core/1.12.153/aws-java-sdk-core-1.12.153.jar:/home/dipesh/.m2/repository/commons-logging/commons-logging/1.1.3/commons-logging-1.1.3.jar:/home/dipesh/.m2/repository/commons-codec/commons-codec/1.15/commons-codec-1.15.jar:/home/dipesh/.m2/repository/org/apache/httpcomponents/httpclient/4.5.13/httpclient-4.5.13.jar:/home/dipesh/.m2/repository/org/apache/httpcomponents/httpcore/4.4.13/httpcore-4.4.13.jar:/home/dipesh/.m2/repository/software/amazon/ion/ion-java/1.0.2/ion-java-1.0.2.jar:/home/dipesh/.m2/repository/com/fasterxml/jackson/core/jackson-databind/2.12.6/jackson-databind-2.12.6.jar:/home/dipesh/.m2/repository/com/fasterxml/jackson/core/jackson-annotations/2.12.6/jackson-annotations-2.12.6.jar:/home/dipesh/.m2/repository/com/fasterxml/jackson/core/jackson-core/2.12.6/jackson-core-2.12.6.jar:/home/dipesh/.m2/repository/com/fasterxml/jackson/dataformat/jackson-dataformat-cbor/2.12.6/jackson-dataformat-cbor-2.12.6.jar:/home/dipesh/.m2/repository/com/amazonaws/jmespath-java/1.12.153/jmespath-java-1.12.153.jar:/home/dipesh/.m2/repository/com/google/code/gson/gson/2.9.0/gson-2.9.0.jar:/home/dipesh/.m2/repository/com/amazonaws/aws-java-sdk-dynamodb/1.12.415/aws-java-sdk-dynamodb-1.12.415.jar:/home/dipesh/.m2/repository/commons-io/commons-io/2.11.0/commons-io-2.11.0.jar:/home/dipesh/.m2/repository/org/json/json/20090211/json-20090211.jar:"/>
    <property name="java.vm.vendor" value="Private Build"/>
    <property name="sun.arch.data.model" value="64"/>
    <property name="java.vendor.url" value="http://java.oracle.com/"/>
    <property name="user.timezone" value=""/>
    <property name="java.vm.specification.version" value="1.8"/>
    <property name="os.name" value="Linux"/>
    <property name="user.country" value="IN"/>
    <property name="sun.java.launcher" value="SUN_STANDARD"/>
    <property name="sun.boot.library.path" value="/usr/lib/jvm/java-8-openjdk-amd64/jre/lib/amd64"/>
    <property name="sun.java.command" value="/home/dipesh/eclipse-workspace/lambdatrigger/target/surefire/surefirebooter-20230301010411907_3.jar /home/dipesh/eclipse-workspace/lambdatrigger/target/surefire 2023-03-01T01-04-11_617-jvmRun1 surefire-20230301010411907_1tmp surefire_0-20230301010411907_2tmp"/>
    <property name="surefire.test.class.path" value="/home/dipesh/eclipse-workspace/lambdatrigger/target/test-classes:/home/dipesh/eclipse-workspace/lambdatrigger/target/classes:/home/dipesh/.m2/repository/junit/junit/4.11/junit-4.11.jar:/home/dipesh/.m2/repository/org/hamcrest/hamcrest-core/1.3/hamcrest-core-1.3.jar:/home/dipesh/.m2/repository/com/amazonaws/aws-lambda-java-events/3.11.0/aws-lambda-java-events-3.11.0.jar:/home/dipesh/.m2/repository/joda-time/joda-time/2.6/joda-time-2.6.jar:/home/dipesh/.m2/repository/com/amazonaws/aws-lambda-java-core/1.2.1/aws-lambda-java-core-1.2.1.jar:/home/dipesh/.m2/repository/com/amazonaws/aws-java-sdk-s3/1.12.153/aws-java-sdk-s3-1.12.153.jar:/home/dipesh/.m2/repository/com/amazonaws/aws-java-sdk-kms/1.12.153/aws-java-sdk-kms-1.12.153.jar:/home/dipesh/.m2/repository/com/amazonaws/aws-java-sdk-core/1.12.153/aws-java-sdk-core-1.12.153.jar:/home/dipesh/.m2/repository/commons-logging/commons-logging/1.1.3/commons-logging-1.1.3.jar:/home/dipesh/.m2/repository/commons-codec/commons-codec/1.15/commons-codec-1.15.jar:/home/dipesh/.m2/repository/org/apache/httpcomponents/httpclient/4.5.13/httpclient-4.5.13.jar:/home/dipesh/.m2/repository/org/apache/httpcomponents/httpcore/4.4.13/httpcore-4.4.13.jar:/home/dipesh/.m2/repository/software/amazon/ion/ion-java/1.0.2/ion-java-1.0.2.jar:/home/dipesh/.m2/repository/com/fasterxml/jackson/core/jackson-databind/2.12.6/jackson-databind-2.12.6.jar:/home/dipesh/.m2/repository/com/fasterxml/jackson/core/jackson-annotations/2.12.6/jackson-annotations-2.12.6.jar:/home/dipesh/.m2/repository/com/fasterxml/jackson/core/jackson-core/2.12.6/jackson-core-2.12.6.jar:/home/dipesh/.m2/repository/com/fasterxml/jackson/dataformat/jackson-dataformat-cbor/2.12.6/jackson-dataformat-cbor-2.12.6.jar:/home/dipesh/.m2/repository/com/amazonaws/jmespath-java/1.12.153/jmespath-java-1.12.153.jar:/home/dipesh/.m2/repository/com/google/code/gson/gson/2.9.0/gson-2.9.0.jar:/home/dipesh/.m2/repository/com/amazonaws/aws-java-sdk-dynamodb/1.12.415/aws-java-sdk-dynamodb-1.12.415.jar:/home/dipesh/.m2/repository/commons-io/commons-io/2.11.0/commons-io-2.11.0.jar:/home/dipesh/.m2/repository/org/json/json/20090211/json-20090211.jar:"/>
    <property name="sun.cpu.endian" value="little"/>
    <property name="user.home" value="/home/dipesh"/>
    <property name="user.language" value="en"/>
    <property name="java.specification.vendor" value="Oracle Corporation"/>
    <property name="java.home" value="/usr/lib/jvm/java-8-openjdk-amd64/jre"/>
    <property name="basedir" value="/home/dipesh/eclipse-workspace/lambdatrigger"/>
    <property name="file.separator" value="/"/>
    <property name="line.separator" value="&#10;"/>
    <property name="java.vm.specification.vendor" value="Oracle Corporation"/>
    <property name="java.specification.name" value="Java Platform API Specification"/>
    <property name="java.awt.graphicsenv" value="sun.awt.X11GraphicsEnvironment"/>
    <property name="surefire.real.class.path" value="/home/dipesh/eclipse-workspace/lambdatrigger/target/surefire/surefirebooter-20230301010411907_3.jar"/>
    <property name="sun.boot.class.path" value="/usr/lib/jvm/java-8-openjdk-amd64/jre/lib/resources.jar:/usr/lib/jvm/java-8-openjdk-amd64/jre/lib/rt.jar:/usr/lib/jvm/java-8-openjdk-amd64/jre/lib/sunrsasign.jar:/usr/lib/jvm/java-8-openjdk-amd64/jre/lib/jsse.jar:/usr/lib/jvm/java-8-openjdk-amd64/jre/lib/jce.jar:/usr/lib/jvm/java-8-openjdk-amd64/jre/lib/charsets.jar:/usr/lib/jvm/java-8-openjdk-amd64/jre/lib/jfr.jar:/usr/lib/jvm/java-8-openjdk-amd64/jre/classes"/>
    <property name="sun.management.compiler" value="HotSpot 64-Bit Tiered Compilers"/>
    <property name="java.runtime.version" value="1.8.0_362-8u362-ga-0ubuntu1~18.04.1-b09"/>
    <property name="user.name" value="dipesh"/>
    <property name="path.separator" value=":"/>
    <property name="os.version" value="5.4.0-139-generic"/>
    <property name="java.endorsed.dirs" value="/usr/lib/jvm/java-8-openjdk-amd64/jre/lib/endorsed"/>
    <property name="java.runtime.name" value="OpenJDK Runtime Environment"/>
    <property name="file.encoding" value="UTF-8"/>
    <property name="java.vm.name" value="OpenJDK 64-Bit Server VM"/>
    <property name="localRepository" value="/home/dipesh/.m2/repository"/>
    <property name="java.vendor.url.bug" value="http://bugreport.sun.com/bugreport/"/>
    <property name="java.io.tmpdir" value="/tmp"/>
    <property name="java.version" value="1.8.0_362"/>
    <property name="user.dir" value="/home/dipesh/eclipse-workspace/lambdatrigger"/>
    <property name="os.arch" value="amd64"/>
    <property name="java.vm.specification.name" value="Java Virtual Machine Specification"/>
    <property name="java.awt.printerjob" value="sun.print.PSPrinterJob"/>
    <property name="sun.os.patch.level" value="unknown"/>
    <property name="java.library.path" value="/usr/java/packages/lib/amd64:/usr/lib/x86_64-linux-gnu/jni:/lib/x86_64-linux-gnu:/usr/lib/x86_64-linux-gnu:/usr/lib/jni:/lib:/usr/lib"/>
    <property name="java.vm.info" value="mixed mode"/>
    <property name="java.vendor" value="Private Build"/>
    <property name="java.vm.version" value="25.362-b09"/>
    <property name="java.specification.maintenance.version" value="4"/>
    <property name="java.ext.dirs" value="/usr/lib/jvm/java-8-openjdk-amd64/jre/lib/ext:/usr/java/packages/lib/ext"/>
    <property name="sun.io.unicode.encoding" value="UnicodeLittle"/>
    <property name="java.class.version" value="52.0"/>
  </properties>
  <testcase name="shouldAnswerWithTrue" classname="com.aws.trigger.lambdatrigger.AppTest" time="0.002"/>
</testsuite>